<?xml version="1.0" encoding="UTF-8"?>
<testsuite xmlns:xsi="http://www.w3.org/2001/XMLSchema-instance" xsi:noNamespaceSchemaLocation="https://maven.apache.org/surefire/maven-surefire-plugin/xsd/surefire-test-report.xsd" name="runner.TestRunner" time="43.78" tests="4" errors="0" skipped="0" failures="0">
  <properties>
[...]
</properties>
  <testcase name="Open the Browser" classname="MBIE - Demo Product store" time="9.919"/>
  <testcase name="Login" classname="MBIE - Demo Product store" time="4.242"/>
  <testcase name="Purchase" classname="MBIE - Demo Product store" time="26.752"/>
  <testcase name="Close the browser" classname="MBIE - Demo Product store" time="2.31"/>
</testsuite>